<?xml version="1.0" encoding="UTF-8"?>
<testsuite name="UtilTest" tests="1" skipped="0" failures="0" errors="0" timestamp="2021-12-21T18:31:26" hostname="ifxandy-desktop" time="0.015">
  <properties/>
  <testcase name="NBTUtil" classname="UtilTest" time="0.015"/>
  <system-out><![CDATA[]]></system-out>
  <system-err><![CDATA[]]></system-err>
</testsuite>
